<?xml version="1.0" encoding="UTF-8"?>
<!-- Generated by org.testng.reporters.JUnitReportReporter -->
<testsuite hostname="AILT-100410" failures="0" tests="1" name="com.EBMR_MPRMasteer.TC_1_DG_Initiator_Re_Initiation" time="52.750" errors="0" timestamp="2023-04-05T10:15:41 IST" skipped="0">
  <testcase classname="com.EBMR_MPRMasteer.TC_1_DG_Initiator_Re_Initiation" name="A" time="52.750"/>
  <system-out/>
</testsuite> <!-- com.EBMR_MPRMasteer.TC_1_DG_Initiator_Re_Initiation -->
