<?xml version="1.0" encoding="UTF-8"?>
<!-- Generated by org.testng.reporters.JUnitReportReporter -->
<testsuite hostname="AILT-100410" failures="0" tests="1" name="TemplateCreation.TC_WET_Inspection" time="97.871" errors="0" timestamp="2023-04-14T12:26:35 IST" skipped="0">
  <testcase classname="TemplateCreation.TC_WET_Inspection" name="A" time="97.871"/>
  <system-out/>
</testsuite> <!-- TemplateCreation.TC_WET_Inspection -->
