<?xml version="1.0" encoding="UTF-8"?>
<!-- Generated by org.testng.reporters.JUnitReportReporter -->
<testsuite hostname="AILT-100410" failures="0" tests="1" name="com.EBMR_MPRMasteer.TC_2_WG_Approver_Approve" time="54.292" errors="0" timestamp="2023-04-06T09:57:46 IST" skipped="0">
  <testcase classname="com.EBMR_MPRMasteer.TC_2_WG_Approver_Approve" name="A" time="54.292"/>
  <system-out/>
</testsuite> <!-- com.EBMR_MPRMasteer.TC_2_WG_Approver_Approve -->
