<?xml version="1.0" encoding="UTF-8"?>
<!-- Generated by org.testng.reporters.JUnitReportReporter -->
<testsuite hostname="AILT-100410" failures="0" tests="1" name="com.EBMR_MPRMasteer.TC_1_DG_Re_Initiation" time="49.852" errors="0" timestamp="2023-02-23T15:14:25 IST" skipped="0">
  <testcase classname="com.EBMR_MPRMasteer.TC_1_DG_Re_Initiation" name="A" time="49.852"/>
  <system-out/>
</testsuite> <!-- com.EBMR_MPRMasteer.TC_1_DG_Re_Initiation -->
