<?xml version="1.0" encoding="UTF-8"?>
<!-- Generated by org.testng.reporters.JUnitReportReporter -->
<testsuite hostname="AILT-100410" failures="0" tests="1" name="com.EBMR_ConfigurationMaster.TC_2_WG_Initiator_General_ReInitiate" time="77.308" errors="0" timestamp="2023-04-06T12:18:42 IST" skipped="0">
  <testcase classname="com.EBMR_ConfigurationMaster.TC_2_WG_Initiator_General_ReInitiate" name="A" time="77.308"/>
  <system-out/>
</testsuite> <!-- com.EBMR_ConfigurationMaster.TC_2_WG_Initiator_General_ReInitiate -->
