<?xml version="1.0" encoding="UTF-8"?>
<!-- Generated by org.testng.reporters.JUnitReportReporter -->
<testsuite hostname="AILT-100410" failures="0" tests="1" name="com.EBMR_ConfigurationMaster.TC_2_WG_Initiator_ProcessInstruction_Initiate" time="103.119" errors="0" timestamp="2023-04-06T10:13:56 IST" skipped="0">
  <testcase classname="com.EBMR_ConfigurationMaster.TC_2_WG_Initiator_ProcessInstruction_Initiate" name="A" time="103.119"/>
  <system-out/>
</testsuite> <!-- com.EBMR_ConfigurationMaster.TC_2_WG_Initiator_ProcessInstruction_Initiate -->
