<?xml version="1.0" encoding="UTF-8"?>
<!-- Generated by org.testng.reporters.JUnitReportReporter -->
<testsuite hostname="AILT-100410" failures="0" tests="1" name="com.EBMR_OtherMasters.TC_1_Orals_Area" time="91.424" errors="0" timestamp="2023-02-24T10:11:00 IST" skipped="0">
  <testcase classname="com.EBMR_OtherMasters.TC_1_Orals_Area" name="A" time="91.424"/>
  <system-out/>
</testsuite> <!-- com.EBMR_OtherMasters.TC_1_Orals_Area -->
