<?xml version="1.0" encoding="UTF-8"?>
<!-- Generated by org.testng.reporters.JUnitReportReporter -->
<testsuite hostname="AILT-100410" failures="0" tests="1" name="com.EBMR_MPRMasteer.TC_2_WG_Initiator_Re_Initiate" time="55.149" errors="0" timestamp="2023-04-05T11:02:09 IST" skipped="0">
  <testcase classname="com.EBMR_MPRMasteer.TC_2_WG_Initiator_Re_Initiate" name="A" time="55.149"/>
  <system-out/>
</testsuite> <!-- com.EBMR_MPRMasteer.TC_2_WG_Initiator_Re_Initiate -->
