<?xml version="1.0" encoding="UTF-8"?>
<!-- Generated by org.testng.reporters.JUnitReportReporter -->
<testsuite hostname="AILT-100410" failures="0" tests="1" name="com.EBMR_ProductDetailsMaster.TC_2_WG" time="116.114" errors="0" timestamp="2023-04-04T09:30:03 IST" skipped="0">
  <testcase classname="com.EBMR_ProductDetailsMaster.TC_2_WG" name="A" time="116.114"/>
  <system-out/>
</testsuite> <!-- com.EBMR_ProductDetailsMaster.TC_2_WG -->
