<?xml version="1.0" encoding="UTF-8"?>
<!-- Generated by org.testng.reporters.JUnitReportReporter -->
<testsuite hostname="AILT-100410" failures="0" tests="1" name="com.EBMR_ConfigurationMaster.TC_1_DG_Material" time="68.790" errors="0" timestamp="2023-02-22T17:42:13 IST" skipped="0">
  <testcase classname="com.EBMR_ConfigurationMaster.TC_1_DG_Material" name="A" time="68.790"/>
  <system-out/>
</testsuite> <!-- com.EBMR_ConfigurationMaster.TC_1_DG_Material -->
