<?xml version="1.0" encoding="UTF-8"?>
<!-- Generated by org.testng.reporters.JUnitReportReporter -->
<testsuite hostname="AILT-100410" failures="0" tests="1" name="com.EBMR_MPRMasteer.TC_1_DG_Approved" time="44.993" errors="0" timestamp="2023-02-23T15:18:18 IST" skipped="0">
  <testcase classname="com.EBMR_MPRMasteer.TC_1_DG_Approved" name="A" time="44.993"/>
  <system-out/>
</testsuite> <!-- com.EBMR_MPRMasteer.TC_1_DG_Approved -->
