<?xml version="1.0" encoding="UTF-8"?>
<!-- Generated by org.testng.reporters.JUnitReportReporter -->
<testsuite hostname="AILT-100410" failures="0" tests="1" name="com.EBMR_ConfigurationMaster.TC_1_DG_Initiator_Generalsafetyprecaution_Initiate" time="82.589" errors="0" timestamp="2023-04-05T15:43:47 IST" skipped="0">
  <testcase classname="com.EBMR_ConfigurationMaster.TC_1_DG_Initiator_Generalsafetyprecaution_Initiate" name="A" time="82.589"/>
  <system-out/>
</testsuite> <!-- com.EBMR_ConfigurationMaster.TC_1_DG_Initiator_Generalsafetyprecaution_Initiate -->
