<?xml version="1.0" encoding="UTF-8"?>
<!-- Generated by org.testng.reporters.JUnitReportReporter -->
<testsuite hostname="AILT-100410" failures="0" tests="1" name="com.EBMR_ConfigurationMaster.TC_2_WG_BatchFormula_Return" time="70.699" errors="0" timestamp="2023-04-06T15:20:08 IST" skipped="0">
  <testcase classname="com.EBMR_ConfigurationMaster.TC_2_WG_BatchFormula_Return" name="A" time="70.699"/>
  <system-out/>
</testsuite> <!-- com.EBMR_ConfigurationMaster.TC_2_WG_BatchFormula_Return -->
