<?xml version="1.0" encoding="UTF-8"?>
<!-- Generated by org.testng.reporters.JUnitReportReporter -->
<testsuite hostname="AILT-100410" failures="0" tests="1" name="TemplateCreation.TC_DRY_BatchFormula" time="53.779" errors="0" timestamp="2023-04-11T16:18:04 IST" skipped="0">
  <testcase classname="TemplateCreation.TC_DRY_BatchFormula" name="A" time="53.779"/>
  <system-out/>
</testsuite> <!-- TemplateCreation.TC_DRY_BatchFormula -->
