<?xml version="1.0" encoding="UTF-8"?>
<!-- Generated by org.testng.reporters.JUnitReportReporter -->
<testsuite hostname="AILT-100410" failures="0" tests="1" name="com.EBMR_OtherMasters.TC_2_Orals_Sop" time="95.850" errors="0" timestamp="2023-02-24T11:09:17 IST" skipped="0">
  <testcase classname="com.EBMR_OtherMasters.TC_2_Orals_Sop" name="A" time="95.850"/>
  <system-out/>
</testsuite> <!-- com.EBMR_OtherMasters.TC_2_Orals_Sop -->
