<?xml version="1.0" encoding="UTF-8"?>
<!-- Generated by org.testng.reporters.JUnitReportReporter -->
<testsuite hostname="AILT-100410" failures="0" tests="1" name="com.EBMR_ConfigurationMaster.TC_2_WG_Initiator_Genereal_Initiate" time="67.188" errors="0" timestamp="2023-04-06T12:04:30 IST" skipped="0">
  <testcase classname="com.EBMR_ConfigurationMaster.TC_2_WG_Initiator_Genereal_Initiate" name="A" time="67.188"/>
  <system-out/>
</testsuite> <!-- com.EBMR_ConfigurationMaster.TC_2_WG_Initiator_Genereal_Initiate -->
