<?xml version="1.0" encoding="UTF-8"?>
<!-- Generated by org.testng.reporters.JUnitReportReporter -->
<testsuite hostname="AILT-100410" failures="0" tests="1" name="TemplateCreation.TC_WET_MPRNumber" time="54.010" errors="0" timestamp="2023-04-11T16:25:10 IST" skipped="0">
  <testcase classname="TemplateCreation.TC_WET_MPRNumber" name="A" time="54.010"/>
  <system-out/>
</testsuite> <!-- TemplateCreation.TC_WET_MPRNumber -->
