<?xml version="1.0" encoding="UTF-8"?>
<!-- Generated by org.testng.reporters.JUnitReportReporter -->
<testsuite hostname="AILT-100410" failures="0" tests="1" name="com.EBMR_OtherMasters.TC_2_Orals_Initiator_Sop" time="125.596" errors="0" timestamp="2023-04-05T11:31:53 IST" skipped="0">
  <testcase classname="com.EBMR_OtherMasters.TC_2_Orals_Initiator_Sop" name="A" time="125.596"/>
  <system-out/>
</testsuite> <!-- com.EBMR_OtherMasters.TC_2_Orals_Initiator_Sop -->
