<?xml version="1.0" encoding="UTF-8"?>
<!-- Generated by org.testng.reporters.JUnitReportReporter -->
<testsuite hostname="AILT-100410" failures="0" tests="1" name="com.EBMR_MPRMasteer.TC_2_WG_Initiator_Initiate" time="214.789" errors="0" timestamp="2023-04-05T10:47:28 IST" skipped="0">
  <testcase classname="com.EBMR_MPRMasteer.TC_2_WG_Initiator_Initiate" name="A" time="214.789"/>
  <system-out/>
</testsuite> <!-- com.EBMR_MPRMasteer.TC_2_WG_Initiator_Initiate -->
