<?xml version="1.0" encoding="UTF-8"?>
<!-- Generated by org.testng.reporters.JUnitReportReporter -->
<testsuite hostname="AILT-100410" failures="0" tests="1" name="com.EBMR_ConfigurationMaster.TC_2_WG_Approver_BatchFormula_Approve" time="62.661" errors="0" timestamp="2023-04-06T15:13:19 IST" skipped="0">
  <testcase classname="com.EBMR_ConfigurationMaster.TC_2_WG_Approver_BatchFormula_Approve" name="A" time="62.661"/>
  <system-out/>
</testsuite> <!-- com.EBMR_ConfigurationMaster.TC_2_WG_Approver_BatchFormula_Approve -->
