<?xml version="1.0" encoding="UTF-8"?>
<!-- Generated by org.testng.reporters.JUnitReportReporter -->
<testsuite hostname="AILT-100410" failures="0" tests="1" name="com.EBMR_ConfigurationMaster.TC_1_DG_Initiator_ProcessInstruction_ReInitiate" time="75.726" errors="0" timestamp="2023-04-05T12:44:42 IST" skipped="0">
  <testcase classname="com.EBMR_ConfigurationMaster.TC_1_DG_Initiator_ProcessInstruction_ReInitiate" name="A" time="75.726"/>
  <system-out/>
</testsuite> <!-- com.EBMR_ConfigurationMaster.TC_1_DG_Initiator_ProcessInstruction_ReInitiate -->
