<?xml version="1.0" encoding="UTF-8"?>
<!-- Generated by org.testng.reporters.JUnitReportReporter -->
<testsuite hostname="AILT-100410" failures="0" tests="1" name="TemplateCreation.TC_DRY_Inspection" time="100.606" errors="0" timestamp="2023-04-13T11:12:00 IST" skipped="0">
  <testcase classname="TemplateCreation.TC_DRY_Inspection" name="A" time="100.606"/>
  <system-out/>
</testsuite> <!-- TemplateCreation.TC_DRY_Inspection -->
