<?xml version="1.0" encoding="UTF-8"?>
<!-- Generated by org.testng.reporters.JUnitReportReporter -->
<testsuite hostname="AILT-100410" failures="0" tests="1" name="com.EBMR_ConfigurationMaster.TC_1_DG_Initiator_Genereal_ReInitiate" time="79.911" errors="0" timestamp="2023-04-05T15:48:27 IST" skipped="0">
  <testcase classname="com.EBMR_ConfigurationMaster.TC_1_DG_Initiator_Genereal_ReInitiate" name="A" time="79.911"/>
  <system-out/>
</testsuite> <!-- com.EBMR_ConfigurationMaster.TC_1_DG_Initiator_Genereal_ReInitiate -->
