<?xml version="1.0" encoding="UTF-8"?>
<!-- Generated by org.testng.reporters.JUnitReportReporter -->
<testsuite hostname="AILT-100410" failures="0" tests="1" name="com.EBMR_ConfigurationMaster.TC_1_DG_Approver_Processparameter_Approve" time="62.384" errors="0" timestamp="2023-04-05T15:02:34 IST" skipped="0">
  <testcase classname="com.EBMR_ConfigurationMaster.TC_1_DG_Approver_Processparameter_Approve" name="A" time="62.384"/>
  <system-out/>
</testsuite> <!-- com.EBMR_ConfigurationMaster.TC_1_DG_Approver_Processparameter_Approve -->
