<?xml version="1.0" encoding="UTF-8"?>
<!-- Generated by org.testng.reporters.JUnitReportReporter -->
<testsuite hostname="AILT-100410" failures="0" tests="1" name="com.EBMR_ConfigurationMaster.TC_1_DG_BatchFormula_ReInitiate" time="48.441" errors="0" timestamp="2023-04-06T17:32:15 IST" skipped="0">
  <testcase classname="com.EBMR_ConfigurationMaster.TC_1_DG_BatchFormula_ReInitiate" name="A" time="48.441"/>
  <system-out/>
</testsuite> <!-- com.EBMR_ConfigurationMaster.TC_1_DG_BatchFormula_ReInitiate -->
