<?xml version="1.0" encoding="UTF-8"?>
<!-- Generated by org.testng.reporters.JUnitReportReporter -->
<testsuite hostname="AILT-100410" failures="0" tests="1" name="com.EBMR_ConfigurationMaster.TC_2_WG_Initiator_BatchFormula_Initiate" time="116.508" errors="0" timestamp="2023-04-06T15:02:15 IST" skipped="0">
  <testcase classname="com.EBMR_ConfigurationMaster.TC_2_WG_Initiator_BatchFormula_Initiate" name="A" time="116.508"/>
  <system-out/>
</testsuite> <!-- com.EBMR_ConfigurationMaster.TC_2_WG_Initiator_BatchFormula_Initiate -->
