<?xml version="1.0" encoding="UTF-8"?>
<!-- Generated by org.testng.reporters.JUnitReportReporter -->
<testsuite hostname="AILT-100410" failures="0" tests="1" name="com.page.edgerunning" time="0.017" errors="0" timestamp="2023-04-07T17:17:15 IST" skipped="0">
  <testcase classname="com.page.edgerunning" name="A" time="0.017"/>
  <system-out/>
</testsuite> <!-- com.page.edgerunning -->
