<?xml version="1.0" encoding="UTF-8"?>
<!-- Generated by org.testng.reporters.JUnitReportReporter -->
<testsuite hostname="AILT-100410" failures="0" tests="1" name="com.EBMR_ConfigurationMaster.TC_2_WG_Approver_ProcessInstruction_Return" time="65.564" errors="0" timestamp="2023-04-06T10:30:59 IST" skipped="0">
  <testcase classname="com.EBMR_ConfigurationMaster.TC_2_WG_Approver_ProcessInstruction_Return" name="A" time="65.564"/>
  <system-out/>
</testsuite> <!-- com.EBMR_ConfigurationMaster.TC_2_WG_Approver_ProcessInstruction_Return -->
