<?xml version="1.0" encoding="UTF-8"?>
<!-- Generated by org.testng.reporters.JUnitReportReporter -->
<testsuite hostname="AILT-100410" failures="0" tests="1" name="com.EBMR_ConfigurationMaster.TC_2_WG_Approver_ProcessInstruction_Approve2" time="66.649" errors="0" timestamp="2023-04-05T16:48:51 IST" skipped="0">
  <testcase classname="com.EBMR_ConfigurationMaster.TC_2_WG_Approver_ProcessInstruction_Approve2" name="A" time="66.649"/>
  <system-out/>
</testsuite> <!-- com.EBMR_ConfigurationMaster.TC_2_WG_Approver_ProcessInstruction_Approve2 -->
